[debug] [2021-04-28T07:22:31.438Z] ----------------------------------------------------------------------
[debug] [2021-04-28T07:22:31.440Z] Command:       C:\Program Files\nodejs\node.exe C:\Users\yechi\AppData\Roaming\npm\node_modules\firebase-tools\lib\bin\firebase.js init
[debug] [2021-04-28T07:22:31.440Z] CLI Version:   9.10.0
[debug] [2021-04-28T07:22:31.440Z] Platform:      win32
[debug] [2021-04-28T07:22:31.440Z] Node Version:  v14.16.0
[debug] [2021-04-28T07:22:31.441Z] Time:          Wed Apr 28 2021 10:22:31 GMT+0300 (שעון ישראל (קיץ))
[debug] [2021-04-28T07:22:31.441Z] ----------------------------------------------------------------------
[debug] 
[debug] [2021-04-28T07:22:31.443Z] >>> [apiv2][query] GET https://firebase-public.firebaseio.com/cli.json [none]
[debug] [2021-04-28T07:22:31.460Z] > command requires scopes: ["email","openid","https://www.googleapis.com/auth/cloudplatformprojects.readonly","https://www.googleapis.com/auth/firebase","https://www.googleapis.com/auth/cloud-platform"]
[debug] [2021-04-28T07:22:31.460Z] > authorizing via signed-in user (plusim2020@gmail.com)
[info] 
     ######## #### ########  ######## ########     ###     ######  ########
     ##        ##  ##     ## ##       ##     ##  ##   ##  ##       ##
     ######    ##  ########  ######   ########  #########  ######  ######
     ##        ##  ##    ##  ##       ##     ## ##     ##       ## ##
     ##       #### ##     ## ######## ########  ##     ##  ######  ########

You're about to initialize a Firebase project in this directory:

  C:\Code\ladpc-app

Before we get started, keep in mind:

  * You are currently outside your home directory

